<?xml version="1.0" encoding="UTF-8"?>
<testsuites>
  <testsuite name="BackstopJS" tests="6" failures="6" errors="6" skipped="0">
    <testcase classname="" name=" ›› collapsed">
      <failure message="Design deviation ›› collapsed () component"/>
      <error message="Design deviation ›› collapsed () component"/>
    </testcase>
    <testcase classname="" name=" ›› collapsed">
      <failure message="Design deviation ›› collapsed () component"/>
      <error message="Design deviation ›› collapsed () component"/>
    </testcase>
    <testcase classname="" name=" ›› collapsed">
      <failure message="Design deviation ›› collapsed () component"/>
      <error message="Design deviation ›› collapsed () component"/>
    </testcase>
    <testcase classname="" name=" ›› settings/users">
      <failure message="Design deviation ›› settings/users () component"/>
      <error message="Design deviation ›› settings/users () component"/>
    </testcase>
    <testcase classname="" name=" ›› settings/users">
      <failure message="Design deviation ›› settings/users () component"/>
      <error message="Design deviation ›› settings/users () component"/>
    </testcase>
    <testcase classname="" name=" ›› settings/users">
      <failure message="Design deviation ›› settings/users () component"/>
      <error message="Design deviation ›› settings/users () component"/>
    </testcase>
  </testsuite>
</testsuites>